<?xml version="1.0" encoding="UTF-8"?>
<testng-results ignored="0" total="1" passed="1" failed="0" skipped="0">
  <reporter-output>
  </reporter-output>
  <suite started-at="2022-08-03T09:20:08Z" name="Default suite" finished-at="2022-08-03T09:20:08Z" duration-ms="556">
    <groups>
    </groups>
    <test started-at="2022-08-03T09:20:08Z" name="Default test" finished-at="2022-08-03T09:20:08Z" duration-ms="556">
      <class name="com.dataprovider.DataGet">
        <test-method signature="testOne(java.lang.String, java.lang.String, java.lang.String, java.lang.String, java.lang.String, java.lang.String, java.lang.String)[pri:0, instance:com.dataprovider.DataGet@56673b2c]" started-at="2022-08-03T09:20:08Z" name="testOne" data-provider="senddata" finished-at="2022-08-03T09:20:08Z" duration-ms="21" status="PASS">
          <params>
            <param index="0">
              <value>
                <![CDATA[Dulce]]>
              </value>
            </param>
            <param index="1">
              <value>
                <![CDATA[Abril]]>
              </value>
            </param>
            <param index="2">
              <value>
                <![CDATA[Female]]>
              </value>
            </param>
            <param index="3">
              <value>
                <![CDATA[United States]]>
              </value>
            </param>
            <param index="4">
              <value>
                <![CDATA["52"]]>
              </value>
            </param>
            <param index="5">
              <value>
                <![CDATA[15/10/2017]]>
              </value>
            </param>
            <param index="6">
              <value>
                <![CDATA["1562"]]>
              </value>
            </param>
          </params>
          <reporter-output>
          </reporter-output>
        </test-method> <!-- testOne -->
      </class> <!-- com.dataprovider.DataGet -->
    </test> <!-- Default test -->
  </suite> <!-- Default suite -->
</testng-results>
